\BOOKMARK [1][-]{section.1}{実験の目的}{}% 1
\BOOKMARK [1][-]{section.2}{実験の原理}{}% 2
\BOOKMARK [2][-]{subsection.2.1}{フィルタ設計の正規化とインピーダンススケーリング・周波数変換}{section.2}% 3
\BOOKMARK [2][-]{subsection.2.2}{Butterworthフィルタ}{section.2}% 4
\BOOKMARK [2][-]{subsection.2.3}{Chebyshevフィルタ}{section.2}% 5
\BOOKMARK [1][-]{section.3}{実験方法}{}% 6
\BOOKMARK [2][-]{subsection.3.1}{回路シミュレータLTSpiceIVでの簡単な回路のシミュレートとその数値データのプロット}{section.3}% 7
\BOOKMARK [2][-]{subsection.3.2}{3次の0-R型フィルタの設計と伝達特性のシミュレート}{section.3}% 8
\BOOKMARK [2][-]{subsection.3.3}{インピーダンススケーリングと周波数変換}{section.3}% 9
\BOOKMARK [2][-]{subsection.3.4}{伝達特性のシミュレート}{section.3}% 10
\BOOKMARK [1][-]{section.4}{使用器具}{}% 11
\BOOKMARK [2][-]{subsection.4.1}{回路シミュレータ}{section.4}% 12
\BOOKMARK [2][-]{subsection.4.2}{シミュレータ実行環境}{section.4}% 13
\BOOKMARK [2][-]{subsection.4.3}{プロットソフト}{section.4}% 14
\BOOKMARK [2][-]{subsection.4.4}{プロットソフト実行環境}{section.4}% 15
\BOOKMARK [1][-]{section.5}{実験結果}{}% 16
\BOOKMARK [2][-]{subsection.5.1}{回路シミュレータLTSpiceIVでの簡単な回路のシミュレートとその数値データのプロット}{section.5}% 17
\BOOKMARK [2][-]{subsection.5.2}{Butterworthフィルタ}{section.5}% 18
\BOOKMARK [2][-]{subsection.5.3}{Chebyshevフィルタ}{section.5}% 19
\BOOKMARK [1][-]{section.6}{考察}{}% 20
\BOOKMARK [2][-]{subsection.6.1}{3次低域通過フィルタの伝達特性}{section.6}% 21
\BOOKMARK [2][-]{subsection.6.2}{3次高域通過及び帯域通過フィルタの周波数特性}{section.6}% 22
\BOOKMARK [2][-]{subsection.6.3}{Butterworth帯域通過フィルタでの誤差}{section.6}% 23
\BOOKMARK [1][-]{section.7}{参考資料}{}% 24
