#! /usr/bin/vvp
:ivl_version "0.9.7 " "(v0_9_7)";
:vpi_time_precision + 0;
:vpi_module "system";
:vpi_module "v2005_math";
:vpi_module "va_math";
S_0x16e7df0 .scope module, "simFullAdderStructure" "simFullAdderStructure" 2 1;
 .timescale 0 0;
v0x16fa330_0 .var "cin", 0 0;
v0x16fa3d0_0 .var "ck", 0 0;
v0x16fa450_0 .net "cout", 0 0, L_0x16faa00; 1 drivers
v0x16fa500_0 .net "s", 0 0, L_0x16fad10; 1 drivers
v0x16fa5e0_0 .var "x", 0 0;
v0x16fa690_0 .var "y", 0 0;
E_0x16e7d20 .event posedge, v0x16fa3d0_0;
E_0x16e7ee0 .event negedge, v0x16fa3d0_0;
S_0x16e4f20 .scope module, "FAS" "FullAdderStructure" 2 23, 3 1, S_0x16e7df0;
 .timescale 0 0;
L_0x16fa710 .functor AND 1, v0x16fa5e0_0, v0x16fa690_0, C4<1>, C4<1>;
L_0x16fa7f0 .functor AND 1, v0x16fa690_0, v0x16fa330_0, C4<1>, C4<1>;
L_0x16fa8a0 .functor AND 1, v0x16fa330_0, v0x16fa5e0_0, C4<1>, C4<1>;
L_0x16fa900 .functor OR 1, L_0x16fa710, L_0x16fa7f0, C4<0>, C4<0>;
L_0x16faa00 .functor OR 1, L_0x16fa900, L_0x16fa8a0, C4<0>, C4<0>;
L_0x16fab50 .functor XOR 1, v0x16fa5e0_0, v0x16fa690_0, C4<0>, C4<0>;
L_0x16fad10 .functor XOR 1, L_0x16fab50, v0x16fa330_0, C4<0>, C4<0>;
v0x16e5010_0 .net "cin", 0 0, v0x16fa330_0; 1 drivers
v0x16f9c90_0 .alias "cout", 0 0, v0x16fa450_0;
v0x16f9d30_0 .alias "s", 0 0, v0x16fa500_0;
v0x16f9dd0_0 .net "w1", 0 0, L_0x16fa710; 1 drivers
v0x16f9e80_0 .net "w2", 0 0, L_0x16fa7f0; 1 drivers
v0x16f9f20_0 .net "w3", 0 0, L_0x16fa8a0; 1 drivers
v0x16fa000_0 .net "w4", 0 0, L_0x16fa900; 1 drivers
v0x16fa0a0_0 .net "w5", 0 0, L_0x16fab50; 1 drivers
v0x16fa190_0 .net "x", 0 0, v0x16fa5e0_0; 1 drivers
v0x16fa230_0 .net "y", 0 0, v0x16fa690_0; 1 drivers
    .scope S_0x16e7df0;
T_0 ;
    %vpi_call 2 6 "$monitor", "%t %b + %b + %b = %b%b", $time, v0x16fa330_0, v0x16fa5e0_0, v0x16fa690_0, v0x16fa450_0, v0x16fa500_0;
    %vpi_call 2 7 "$dumpfile", "simFullAdderStructure.vcd";
    %vpi_call 2 8 "$dumpvars";
    %ix/load 0, 1, 0;
    %assign/v0 v0x16fa5e0_0, 0, 0;
    %ix/load 0, 1, 0;
    %assign/v0 v0x16fa690_0, 0, 0;
    %ix/load 0, 1, 0;
    %assign/v0 v0x16fa330_0, 0, 0;
    %ix/load 0, 1, 0;
    %assign/v0 v0x16fa3d0_0, 0, 0;
    %end;
    .thread T_0;
    .scope S_0x16e7df0;
T_1 ;
    %delay 10, 0;
    %load/v 8, v0x16fa3d0_0, 1;
    %inv 8, 1;
    %ix/load 0, 1, 0;
    %assign/v0 v0x16fa3d0_0, 0, 8;
    %jmp T_1;
    .thread T_1;
    .scope S_0x16e7df0;
T_2 ;
    %wait E_0x16e7ee0;
    %load/v 12, v0x16fa690_0, 1;
    %load/v 13, v0x16fa5e0_0, 1;
    %load/v 14, v0x16fa330_0, 1;
    %mov 8, 12, 3;
    %mov 11, 0, 1;
    %cmpi/u 8, 7, 4;
    %jmp/0xz  T_2.0, 4;
    %vpi_call 2 17 "$finish";
T_2.0 ;
    %jmp T_2;
    .thread T_2;
    .scope S_0x16e7df0;
T_3 ;
    %wait E_0x16e7d20;
    %load/v 40, v0x16fa690_0, 1;
    %load/v 41, v0x16fa5e0_0, 1;
    %load/v 42, v0x16fa330_0, 1;
    %mov 8, 40, 3;
    %mov 11, 0, 29;
    %addi 8, 1, 32;
    %ix/load 0, 1, 0;
    %assign/v0 v0x16fa690_0, 0, 8;
    %ix/load 0, 1, 0;
    %assign/v0 v0x16fa5e0_0, 0, 9;
    %ix/load 0, 1, 0;
    %assign/v0 v0x16fa330_0, 0, 10;
    %jmp T_3;
    .thread T_3;
# The file index is used to find the file name in the following table.
:file_names 4;
    "N/A";
    "<interactive>";
    "simFullAdderStructure.v";
    "FullAdderStructure.v";
