#! /usr/bin/vvp
:ivl_version "0.9.7 " "(v0_9_7)";
:vpi_time_precision + 0;
:vpi_module "system";
:vpi_module "v2005_math";
:vpi_module "va_math";
S_0x16fdf20 .scope module, "simstm" "simstm" 2 1;
 .timescale 0 0;
v0x1711aa0_0 .var "ck", 0 0;
v0x1711b70_0 .var "rst", 0 0;
v0x1711c20_0 .net "x", 3 0, v0x17119f0_0; 1 drivers
S_0x16fe010 .scope module, "s" "stm" 2 17, 3 1, S_0x16fdf20;
 .timescale 0 0;
v0x16fe100_0 .net "ck", 0 0, v0x1711aa0_0; 1 drivers
v0x17118b0_0 .net "rst", 0 0, v0x1711b70_0; 1 drivers
v0x1711950_0 .var "st", 0 0;
v0x17119f0_0 .var "x", 3 0;
E_0x16dc070 .event posedge, v0x16fe100_0;
    .scope S_0x16fe010;
T_0 ;
    %wait E_0x16dc070;
    %load/v 8, v0x17118b0_0, 1;
    %mov 9, 0, 2;
    %cmpi/u 8, 1, 3;
    %jmp/0xz  T_0.0, 4;
    %ix/load 0, 1, 0;
    %assign/v0 v0x1711950_0, 0, 0;
    %ix/load 0, 4, 0;
    %assign/v0 v0x17119f0_0, 0, 0;
    %jmp T_0.1;
T_0.0 ;
    %load/v 8, v0x1711950_0, 1;
    %mov 9, 0, 1;
    %cmpi/u 8, 0, 2;
    %jmp/0xz  T_0.2, 4;
    %load/v 8, v0x17119f0_0, 4;
    %mov 12, 0, 1;
    %cmpi/u 8, 0, 5;
    %jmp/0xz  T_0.4, 4;
    %ix/load 0, 1, 0;
    %assign/v0 v0x1711950_0, 0, 1;
    %jmp T_0.5;
T_0.4 ;
    %load/v 8, v0x17119f0_0, 4;
    %mov 12, 0, 28;
    %subi 8, 1, 32;
    %ix/load 0, 4, 0;
    %assign/v0 v0x17119f0_0, 0, 8;
T_0.5 ;
    %jmp T_0.3;
T_0.2 ;
    %load/v 8, v0x17119f0_0, 4;
    %mov 12, 0, 2;
    %cmpi/u 8, 15, 6;
    %jmp/0xz  T_0.6, 4;
    %ix/load 0, 1, 0;
    %assign/v0 v0x1711950_0, 0, 0;
    %jmp T_0.7;
T_0.6 ;
    %load/v 8, v0x17119f0_0, 4;
    %mov 12, 0, 28;
    %addi 8, 1, 32;
    %ix/load 0, 4, 0;
    %assign/v0 v0x17119f0_0, 0, 8;
T_0.7 ;
T_0.3 ;
T_0.1 ;
    %jmp T_0;
    .thread T_0;
    .scope S_0x16fdf20;
T_1 ;
    %vpi_call 2 5 "$dumpvars";
    %vpi_call 2 6 "$dumpfile", "stm.vcd";
    %vpi_call 2 7 "$monitor", "ck = %b, st = %b: x = %x", v0x16fe100_0, v0x1711950_0, v0x17119f0_0;
    %set/v v0x1711aa0_0, 0, 1;
    %set/v v0x1711b70_0, 0, 1;
    %delay 20, 0;
    %set/v v0x1711b70_0, 1, 1;
    %delay 60, 0;
    %set/v v0x1711b70_0, 0, 1;
    %delay 800, 0;
    %load/v 8, v0x1711c20_0, 4;
    %mov 12, 0, 1;
    %cmpi/u 8, 7, 5;
    %jmp/0xz  T_1.0, 4;
    %vpi_call 2 12 "$display", "OK\012";
T_1.0 ;
    %vpi_call 2 13 "$finish";
    %end;
    .thread T_1;
    .scope S_0x16fdf20;
T_2 ;
    %delay 10, 0;
    %load/v 8, v0x1711aa0_0, 1;
    %inv 8, 1;
    %ix/load 0, 1, 0;
    %assign/v0 v0x1711aa0_0, 0, 8;
    %jmp T_2;
    .thread T_2;
# The file index is used to find the file name in the following table.
:file_names 4;
    "N/A";
    "<interactive>";
    "simstm.v";
    "stm.v";
