\BOOKMARK [1][-]{section.1}{実験の目的}{}% 1
\BOOKMARK [1][-]{section.2}{実験の原理}{}% 2
\BOOKMARK [2][-]{subsection.2.1}{演算増幅器}{section.2}% 3
\BOOKMARK [2][-]{subsection.2.2}{帰還と発振}{section.2}% 4
\BOOKMARK [2][-]{subsection.2.3}{オペアンプを用いた機能回路}{section.2}% 5
\BOOKMARK [2][-]{subsection.2.4}{ウィーン・ブリッジ発振回路}{section.2}% 6
\BOOKMARK [2][-]{subsection.2.5}{パッシヴフィルタとアクティヴフィルタ}{section.2}% 7
\BOOKMARK [1][-]{section.3}{実験方法}{}% 8
\BOOKMARK [2][-]{subsection.3.1}{オペアンプのオフセット調整}{section.3}% 9
\BOOKMARK [2][-]{subsection.3.2}{各種機能回路の周波数特性の計測}{section.3}% 10
\BOOKMARK [2][-]{subsection.3.3}{ウィーン・ブリッジ発振回路の発振観測}{section.3}% 11
\BOOKMARK [2][-]{subsection.3.4}{パッシヴフィルタのシュミレートと測定}{section.3}% 12
\BOOKMARK [2][-]{subsection.3.5}{アクティヴフィルタの測定}{section.3}% 13
\BOOKMARK [1][-]{section.4}{使用器具}{}% 14
\BOOKMARK [2][-]{subsection.4.1}{回路シミュレータ}{section.4}% 15
\BOOKMARK [2][-]{subsection.4.2}{シミュレータ実行環境}{section.4}% 16
\BOOKMARK [2][-]{subsection.4.3}{設計／プロトタイプ環境システム}{section.4}% 17
\BOOKMARK [1][-]{section.5}{実験結果と考察}{}% 18
\BOOKMARK [2][-]{subsection.5.1}{オペアンプのオフセット調整}{section.5}% 19
\BOOKMARK [2][-]{subsection.5.2}{各種機能回路の周波数特性}{section.5}% 20
\BOOKMARK [2][-]{subsection.5.3}{ウィーン・ブリッジ発振回路}{section.5}% 21
\BOOKMARK [2][-]{subsection.5.4}{パッシヴフィルタ}{section.5}% 22
\BOOKMARK [2][-]{subsection.5.5}{アクティヴフィルタ}{section.5}% 23
\BOOKMARK [1][-]{section.6}{参考資料}{}% 24
